{"/home/guilhermeg2k/Workspace/js/teste/main.js": {"path":"/home/guilhermeg2k/Workspace/js/teste/main.js","statementMap":{"0":{"start":{"line":10,"column":14},"end":{"line":10,"column":47}},"1":{"start":{"line":13,"column":14},"end":{"line":13,"column":16}},"2":{"start":{"line":14,"column":2},"end":{"line":26,"column":3}},"3":{"start":{"line":14,"column":15},"end":{"line":14,"column":16}},"4":{"start":{"line":15,"column":14},"end":{"line":15,"column":15}},"5":{"start":{"line":16,"column":4},"end":{"line":20,"column":5}},"6":{"start":{"line":16,"column":16},"end":{"line":16,"column":17}},"7":{"start":{"line":17,"column":6},"end":{"line":19,"column":7}},"8":{"start":{"line":18,"column":8},"end":{"line":18,"column":14}},"9":{"start":{"line":21,"column":21},"end":{"line":21,"column":22}},"10":{"start":{"line":22,"column":4},"end":{"line":24,"column":5}},"11":{"start":{"line":23,"column":6},"end":{"line":23,"column":19}},"12":{"start":{"line":25,"column":4},"end":{"line":25,"column":39}},"13":{"start":{"line":27,"column":2},"end":{"line":27,"column":15}},"14":{"start":{"line":30,"column":0},"end":{"line":32,"column":2}}},"fnMap":{"0":{"name":"ordenarLista","decl":{"start":{"line":12,"column":9},"end":{"line":12,"column":21}},"loc":{"start":{"line":12,"column":28},"end":{"line":28,"column":1}},"line":12}},"branchMap":{"0":{"loc":{"start":{"line":17,"column":6},"end":{"line":19,"column":7}},"type":"if","locations":[{"start":{"line":17,"column":6},"end":{"line":19,"column":7}},{"start":{"line":17,"column":6},"end":{"line":19,"column":7}}],"line":17}},"s":{"0":1,"1":1,"2":1,"3":1,"4":6,"5":6,"6":6,"7":36,"8":11,"9":6,"10":6,"11":4,"12":6,"13":1,"14":1},"f":{"0":1},"b":{"0":[11,25]},"_coverageSchema":"1a1c01bbd47fc00a2c39e90264f33305004495a9","hash":"9499bd3978341ab4ec2bb2259e5eaf9046285ba0"}
}
